<?xml version="1.0" encoding="UTF-8"?>
<!-- Generated by org.testng.reporters.JUnitXMLReporter -->
<testsuite ignored="0" hostname="DESKTOP-MIP9Q7H" failures="3" tests="4" name="Command line test" time="1.2" errors="0" timestamp="2021-12-17T20:48:10 CET">
  <testcase classname="Tests.NeuspesnoOtvaranjeKonkursa" name="OtvaranjeKonkursaTest4" time="0.253"/>
  <testcase classname="Tests.NeuspesnoOtvaranjeKonkursa" name="OtvaranjeKonkursaTest5" time="0.267">
    <failure type="java.lang.AssertionError" message="expected [true] but found [false]">
      <![CDATA[java.lang.AssertionError: expected [true] but found [false]
at Tests.NeuspesnoOtvaranjeKonkursa.OtvoriKonkursTest(NeuspesnoOtvaranjeKonkursa.java:118)
at Tests.NeuspesnoOtvaranjeKonkursa.OtvaranjeKonkursaTest5(NeuspesnoOtvaranjeKonkursa.java:62)
at java.base/java.util.ArrayList.forEach(ArrayList.java:1511)
... Removed 40 stack frames]]>
    </failure>
  </testcase> <!-- OtvaranjeKonkursaTest5 -->
  <testcase classname="Tests.NeuspesnoOtvaranjeKonkursa" name="OtvaranjeKonkursaTest6" time="0.326">
    <failure type="java.lang.AssertionError" message="expected [true] but found [false]">
      <![CDATA[java.lang.AssertionError: expected [true] but found [false]
at Tests.NeuspesnoOtvaranjeKonkursa.OtvoriKonkursTest(NeuspesnoOtvaranjeKonkursa.java:118)
at Tests.NeuspesnoOtvaranjeKonkursa.OtvaranjeKonkursaTest6(NeuspesnoOtvaranjeKonkursa.java:78)
at java.base/java.util.ArrayList.forEach(ArrayList.java:1511)
... Removed 40 stack frames]]>
    </failure>
  </testcase> <!-- OtvaranjeKonkursaTest6 -->
  <testcase classname="Tests.NeuspesnoOtvaranjeKonkursa" name="OtvaranjeKonkursaTest7" time="0.314">
    <failure type="java.lang.AssertionError" message="expected [true] but found [false]">
      <![CDATA[java.lang.AssertionError: expected [true] but found [false]
at Tests.NeuspesnoOtvaranjeKonkursa.OtvoriKonkursTest(NeuspesnoOtvaranjeKonkursa.java:118)
at Tests.NeuspesnoOtvaranjeKonkursa.OtvaranjeKonkursaTest7(NeuspesnoOtvaranjeKonkursa.java:94)
at java.base/java.util.ArrayList.forEach(ArrayList.java:1511)
... Removed 40 stack frames]]>
    </failure>
  </testcase> <!-- OtvaranjeKonkursaTest7 -->
</testsuite> <!-- Command line test -->
