<?xml version="1.0" encoding="UTF-8"?>
<!-- Generated by org.testng.reporters.JUnitXMLReporter -->
<testsuite ignored="0" hostname="DESKTOP-MIP9Q7H" failures="0" tests="4" name="Command line test" time="1.009" errors="0" timestamp="2021-12-17T20:52:41 CET">
  <testcase classname="Tests.operaNU" name="LoginNU1" time="0.236"/>
  <testcase classname="Tests.operaNU" name="LoginNU2" time="0.196"/>
  <testcase classname="Tests.operaNU" name="LoginNU3" time="0.22"/>
  <testcase classname="Tests.operaNU" name="LoginNU4" time="0.32"/>
</testsuite> <!-- Command line test -->
