<?xml version="1.0" encoding="UTF-8"?>
<testng-results ignored="0" total="1" passed="1" failed="0" skipped="0">
  <reporter-output>
  </reporter-output>
  <suite started-at="2021-12-17T21:21:47 CET" name="Tests.EdgeU" finished-at="2021-12-17T21:21:48 CET" duration-ms="286">
    <groups>
    </groups>
    <test started-at="2021-12-17T21:21:47 CET" name="Command line test" finished-at="2021-12-17T21:21:48 CET" duration-ms="286">
      <class name="Tests.EdgeU">
        <test-method is-config="true" signature="setUpClass()[pri:0, instance:Tests.EdgeU@64b31700]" started-at="2021-12-17T21:21:47 CET" name="setUpClass" finished-at="2021-12-17T21:21:47 CET" duration-ms="8" status="PASS">
          <reporter-output>
          </reporter-output>
        </test-method> <!-- setUpClass -->
        <test-method is-config="true" signature="setUpMethod()[pri:0, instance:Tests.EdgeU@64b31700]" started-at="2021-12-17T21:21:47 CET" name="setUpMethod" finished-at="2021-12-17T21:21:47 CET" duration-ms="0" status="PASS">
          <reporter-output>
          </reporter-output>
        </test-method> <!-- setUpMethod -->
        <test-method signature="LoginU1()[pri:0, instance:Tests.EdgeU@64b31700]" started-at="2021-12-17T21:21:47 CET" name="LoginU1" finished-at="2021-12-17T21:21:48 CET" duration-ms="252" status="PASS">
          <reporter-output>
          </reporter-output>
        </test-method> <!-- LoginU1 -->
        <test-method is-config="true" signature="tearDownMethod()[pri:0, instance:Tests.EdgeU@64b31700]" started-at="2021-12-17T21:21:48 CET" name="tearDownMethod" finished-at="2021-12-17T21:21:48 CET" duration-ms="0" status="PASS">
          <reporter-output>
          </reporter-output>
        </test-method> <!-- tearDownMethod -->
        <test-method is-config="true" signature="tearDownClass()[pri:0, instance:Tests.EdgeU@64b31700]" started-at="2021-12-17T21:21:48 CET" name="tearDownClass" finished-at="2021-12-17T21:21:48 CET" duration-ms="0" status="PASS">
          <reporter-output>
          </reporter-output>
        </test-method> <!-- tearDownClass -->
      </class> <!-- Tests.EdgeU -->
    </test> <!-- Command line test -->
  </suite> <!-- Tests.EdgeU -->
</testng-results>
