<?xml version="1.0" encoding="UTF-8"?>
<!-- Generated by org.testng.reporters.JUnitXMLReporter -->
<testsuite ignored="0" hostname="DESKTOP-MIP9Q7H" failures="0" tests="4" name="Command line test" time="1.088" errors="0" timestamp="2021-12-17T21:00:55 CET">
  <testcase classname="Tests.EdgeNeU" name="LoginNU1" time="0.27"/>
  <testcase classname="Tests.EdgeNeU" name="LoginNU2" time="0.206"/>
  <testcase classname="Tests.EdgeNeU" name="LoginNU3" time="0.197"/>
  <testcase classname="Tests.EdgeNeU" name="LoginNU4" time="0.377"/>
</testsuite> <!-- Command line test -->
