<?xml version="1.0" encoding="UTF-8"?>
<!-- Generated by org.testng.reporters.JUnitXMLReporter -->
<testsuite ignored="0" hostname="DESKTOP-MIP9Q7H" failures="0" tests="3" name="Command line test" time="1.188" errors="0" timestamp="2021-12-17T21:21:22 CET">
  <testcase classname="Tests.UspesnoOtvaranjeKonkursa" name="OtvaranjeKonkursaTest1" time="0.366"/>
  <testcase classname="Tests.UspesnoOtvaranjeKonkursa" name="OtvaranjeKonkursaTest2" time="0.326"/>
  <testcase classname="Tests.UspesnoOtvaranjeKonkursa" name="OtvaranjeKonkursaTest3" time="0.46"/>
</testsuite> <!-- Command line test -->
